<?xml version="1.0" encoding="UTF-8"?>
<!-- Generated by org.testng.reporters.JUnitReportReporter -->
<testsuite hostname="LAPTOP-RIAUV990" failures="0" tests="1" name="dataDrivenFramework.Expedia" time="24.251" errors="0" timestamp="2020-12-29T15:51:29 EST" skipped="0">
  <testcase classname="dataDrivenFramework.Expedia" name="hotelRecervation" time="24.251"/>
  <system-out/>
</testsuite> <!-- dataDrivenFramework.Expedia -->
