<?xml version="1.0" encoding="UTF-8"?>
<!-- Generated by org.testng.reporters.JUnitReportReporter -->
<testsuite hostname="LAPTOP-RIAUV990" failures="0" tests="4" name="dataDrivenFramework.newAccountDDTWithDriverTestNG" time="20.698" errors="0" timestamp="2020-12-28T19:12:25 EST" skipped="0">
  <testcase classname="dataDrivenFramework.newAccountDDTWithDriverTestNG" name="test" time="5.129"/>
  <system-out/>
  <testcase classname="dataDrivenFramework.newAccountDDTWithDriverTestNG" name="test" time="5.608"/>
  <system-out/>
  <testcase classname="dataDrivenFramework.newAccountDDTWithDriverTestNG" name="test" time="5.043"/>
  <system-out/>
  <testcase classname="dataDrivenFramework.newAccountDDTWithDriverTestNG" name="test" time="4.918"/>
  <system-out/>
</testsuite> <!-- dataDrivenFramework.newAccountDDTWithDriverTestNG -->
